This is pdfTeX, Version 3.14159265-2.6-1.40.21 (MiKTeX 2.9.7350) (preloaded format=pdflatex 2020.3.26)  8 APR 2020 21:38
entering extended mode
**./thesis.tex
(thesis.tex
LaTeX2e <2020-02-02> patch level 5
(muthesis.cls
Document Class: muthesis 2010/03/02 v0.525 Mahidol University thesis class
(/home/bright/.miktex/texmfs/install/tex/latex/base/report.cls
Document Class: report 2019/12/20 v1.4l Standard LaTeX document class
(/home/bright/.miktex/texmfs/install/tex/latex/base/size11.clo
File: size11.clo 2019/12/20 v1.4l Standard LaTeX file (size option)
)
\c@part=\count80
\c@chapter=\count81
\c@section=\count82
\c@subsection=\count83
\c@subsubsection=\count84
\c@paragraph=\count85
\c@subparagraph=\count86
\c@figure=\count87
\c@table=\count88
\abovecaptionskip=\skip41
\belowcaptionskip=\skip42
\bibindent=\dimen102
) (caption.sty
Package: caption 2004/05/16 v3.0b Customising captions (AS)
\captionmargin=\dimen103
\captionwidth=\dimen104
\captionindent=\dimen105
\captionparindent=\dimen106
\captionhangindent=\dimen107

(/home/bright/.miktex/texmfs/install/tex/latex/graphics/keyval.sty
Package: keyval 2014/10/28 v1.15 key=value parser (DPC)
\KV@toks@=\toks15
))
(/home/bright/.miktex/texmfs/install/tex/latex/base/ifthen.sty
Package: ifthen 2014/09/29 v1.1c Standard LaTeX ifthen package (DPC)
)
(/home/bright/.miktex/texmfs/install/tex/latex/amsmath/amsmath.sty
Package: amsmath 2020/01/20 v2.17e AMS math features
\@mathmargin=\skip43

For additional information on amsmath, use the `?' option.
(/home/bright/.miktex/texmfs/install/tex/latex/amsmath/amstext.sty
Package: amstext 2000/06/29 v2.01 AMS text

(/home/bright/.miktex/texmfs/install/tex/latex/amsmath/amsgen.sty
File: amsgen.sty 1999/11/30 v2.0 generic functions
\@emptytoks=\toks16
\ex@=\dimen108
))
(/home/bright/.miktex/texmfs/install/tex/latex/amsmath/amsbsy.sty
Package: amsbsy 1999/11/29 v1.2d Bold Symbols
\pmbraise@=\dimen109
)
(/home/bright/.miktex/texmfs/install/tex/latex/amsmath/amsopn.sty
Package: amsopn 2016/03/08 v2.02 operator names
)
\inf@bad=\count89
LaTeX Info: Redefining \frac on input line 227.
\uproot@=\count90
\leftroot@=\count91
LaTeX Info: Redefining \overline on input line 389.
\classnum@=\count92
\DOTSCASE@=\count93
LaTeX Info: Redefining \ldots on input line 486.
LaTeX Info: Redefining \dots on input line 489.
LaTeX Info: Redefining \cdots on input line 610.
\Mathstrutbox@=\box27
\strutbox@=\box28
\big@size=\dimen110
LaTeX Font Info:    Redeclaring font encoding OML on input line 733.
LaTeX Font Info:    Redeclaring font encoding OMS on input line 734.
\macc@depth=\count94
\c@MaxMatrixCols=\count95
\dotsspace@=\muskip10
\c@parentequation=\count96
\dspbrk@lvl=\count97
\tag@help=\toks17
\row@=\count98
\column@=\count99
\maxfields@=\count100
\andhelp@=\toks18
\eqnshift@=\dimen111
\alignsep@=\dimen112
\tagshift@=\dimen113
\tagwidth@=\dimen114
\totwidth@=\dimen115
\lineht@=\dimen116
\@envbody=\toks19
\multlinegap=\skip44
\multlinetaggap=\skip45
\mathdisplay@stack=\toks20
LaTeX Info: Redefining \[ on input line 2859.
LaTeX Info: Redefining \] on input line 2860.
)
(/home/bright/.miktex/texmfs/install/tex/latex/amsfonts/amssymb.sty
Package: amssymb 2013/01/14 v3.01 AMS font symbols

(/home/bright/.miktex/texmfs/install/tex/latex/amsfonts/amsfonts.sty
Package: amsfonts 2013/01/14 v3.01 Basic AMSFonts support
\symAMSa=\mathgroup4
\symAMSb=\mathgroup5
LaTeX Font Info:    Redeclaring math symbol \hbar on input line 98.
LaTeX Font Info:    Overwriting math alphabet `\mathfrak' in version `bold'
(Font)                  U/euf/m/n --> U/euf/b/n on input line 106.
))
(/home/bright/.miktex/texmfs/install/tex/latex/etoolbox/etoolbox.sty
Package: etoolbox 2019/09/21 v2.5h e-TeX tools for LaTeX (JAW)
\etb@tempcnta=\count101
)
(lineno.sty
Package: lineno 2002/01/27 line numbers on paragraphs v3.08b
\linenopenalty=\count102
\output=\toks21
\linenoprevgraf=\count103
\linenumbersep=\dimen117
\linenumberwidth=\dimen118
\c@linenumber=\count104
\c@pagewiselinenumber=\count105
\c@linenumbermodulo=\count106
\c@internallinenumber=\count107
\c@internallinenumbers=\count108
\quotelinenumbersep=\dimen119
\bframerule=\dimen120
\bframesep=\dimen121
\bframebox=\box29
) (/home/bright/.miktex/texmfs/install/tex/latex/natbib/natbib.sty
Package: natbib 2010/09/13 8.31b (PWD, AO)
\bibhang=\skip46
\bibsep=\skip47
LaTeX Info: Redefining \cite on input line 694.
\c@NAT@ctr=\count109
)
\refbaselineskip=\skip48
\@halftextwidth=\skip49
) (/home/bright/.miktex/texmfs/install/tex/latex/graphics/graphicx.sty
Package: graphicx 2019/11/30 v1.2a Enhanced LaTeX Graphics (DPC,SPQR)

(/home/bright/.miktex/texmfs/install/tex/latex/graphics/graphics.sty
Package: graphics 2019/11/30 v1.4a Standard LaTeX Graphics (DPC,SPQR)

(/home/bright/.miktex/texmfs/install/tex/latex/graphics/trig.sty
Package: trig 2016/01/03 v1.10 sin cos tan (DPC)
)
(/home/bright/.miktex/texmfs/install/tex/latex/graphics-cfg/graphics.cfg
File: graphics.cfg 2016/06/04 v1.11 sample graphics configuration
)
Package graphics Info: Driver file: pdftex.def on input line 105.

(/home/bright/.miktex/texmfs/install/tex/latex/graphics-def/pdftex.def
File: pdftex.def 2018/01/08 v1.0l Graphics/color driver for pdftex
))
\Gin@req@height=\dimen122
\Gin@req@width=\dimen123
)
(/home/bright/.miktex/texmfs/install/tex/latex/url/url.sty
\Urlmuskip=\muskip11
Package: url 2013/09/16  ver 3.4  Verb mode for urls, etc.
)
(/home/bright/.miktex/texmfs/install/tex/latex/float/float.sty
Package: float 2001/11/08 v1.3d Float enhancements (AL)
\c@float@type=\count110
\float@exts=\toks22
\float@box=\box30
\@float@everytoks=\toks23
\@floatcapt=\box31
)
(/home/bright/.miktex/texmfs/install/tex/latex/subfig/subfig.sty
Package: subfig 2005/06/28 ver: 1.3 subfig package
\c@KVtest=\count111
\sf@farskip=\skip50
\sf@captopadj=\dimen124
\sf@capskip=\skip51
\sf@nearskip=\skip52
\c@subfigure=\count112
\c@subfigure@save=\count113
\c@lofdepth=\count114
\c@subtable=\count115
\c@subtable@save=\count116
\c@lotdepth=\count117
\sf@top=\skip53
\sf@bottom=\skip54
)
(/home/bright/.miktex/texmfs/install/tex/latex/mathtools/mathtools.sty
Package: mathtools 2020/03/24 v1.24 mathematical typesetting tools

(/home/bright/.miktex/texmfs/install/tex/latex/tools/calc.sty
Package: calc 2017/05/25 v4.3 Infix arithmetic (KKT,FJ)
\calc@Acount=\count118
\calc@Bcount=\count119
\calc@Adimen=\dimen125
\calc@Bdimen=\dimen126
\calc@Askip=\skip55
\calc@Bskip=\skip56
LaTeX Info: Redefining \setlength on input line 80.
LaTeX Info: Redefining \addtolength on input line 81.
\calc@Ccount=\count120
\calc@Cskip=\skip57
)
(/home/bright/.miktex/texmfs/install/tex/latex/mathtools/mhsetup.sty
Package: mhsetup 2017/03/31 v1.3 programming setup (MH)
)
LaTeX Info: Thecontrolsequence`\('isalreadyrobust on input line 130.
LaTeX Info: Thecontrolsequence`\)'isalreadyrobust on input line 130.
LaTeX Info: Thecontrolsequence`\['isalreadyrobust on input line 130.
LaTeX Info: Thecontrolsequence`\]'isalreadyrobust on input line 130.
\g_MT_multlinerow_int=\count121
\l_MT_multwidth_dim=\dimen127
\origjot=\skip58
\l_MT_shortvdotswithinadjustabove_dim=\dimen128
\l_MT_shortvdotswithinadjustbelow_dim=\dimen129
\l_MT_above_intertext_sep=\dimen130
\l_MT_below_intertext_sep=\dimen131
\l_MT_above_shortintertext_sep=\dimen132
\l_MT_below_shortintertext_sep=\dimen133
\xmathstrut@box=\box32
\xmathstrut@dim=\dimen134
)
(/home/bright/.miktex/texmfs/install/tex/latex/physics/physics.sty
Package: physics 

(/home/bright/.miktex/texmfs/install/tex/latex/l3packages/xparse/xparse.sty
(/home/bright/.miktex/texmfs/install/tex/latex/l3kernel/expl3.sty
Package: expl3 2020-03-06 L3 programming layer (loader) 

(/home/bright/.miktex/texmfs/install/tex/latex/l3kernel/expl3-code.tex
Package: expl3 2020-03-06 L3 programming layer (code)
\c_max_int=\count122
\l_tmpa_int=\count123
\l_tmpb_int=\count124
\g_tmpa_int=\count125
\g_tmpb_int=\count126
\l__seq_internal_a_int=\count127
\l__seq_internal_b_int=\count128
\g__kernel_prg_map_int=\count129
\c__ior_term_noprompt_ior=\count130
\c_log_iow=\count131
\l_iow_line_count_int=\count132
\l__iow_line_target_int=\count133
\l__iow_one_indent_int=\count134
\l__iow_indent_int=\count135
\c_zero_dim=\dimen135
\c_max_dim=\dimen136
\l_tmpa_dim=\dimen137
\l_tmpb_dim=\dimen138
\g_tmpa_dim=\dimen139
\g_tmpb_dim=\dimen140
\c_zero_skip=\skip59
\c_max_skip=\skip60
\l_tmpa_skip=\skip61
\l_tmpb_skip=\skip62
\g_tmpa_skip=\skip63
\g_tmpb_skip=\skip64
\c_zero_muskip=\muskip12
\c_max_muskip=\muskip13
\l_tmpa_muskip=\muskip14
\l_tmpb_muskip=\muskip15
\g_tmpa_muskip=\muskip16
\g_tmpb_muskip=\muskip17
\l_keys_choice_int=\count136
\l__intarray_loop_int=\count137
\c__intarray_sp_dim=\dimen141
\g__intarray_font_int=\count138
\c__fp_leading_shift_int=\count139
\c__fp_middle_shift_int=\count140
\c__fp_trailing_shift_int=\count141
\c__fp_big_leading_shift_int=\count142
\c__fp_big_middle_shift_int=\count143
\c__fp_big_trailing_shift_int=\count144
\c__fp_Bigg_leading_shift_int=\count145
\c__fp_Bigg_middle_shift_int=\count146
\c__fp_Bigg_trailing_shift_int=\count147
\c__kernel_randint_max_int=\count148
\g__fp_array_int=\count149
\l__fp_array_loop_int=\count150
\l__sort_length_int=\count151
\l__sort_min_int=\count152
\l__sort_top_int=\count153
\l__sort_max_int=\count154
\l__sort_true_max_int=\count155
\l__sort_block_int=\count156
\l__sort_begin_int=\count157
\l__sort_end_int=\count158
\l__sort_A_int=\count159
\l__sort_B_int=\count160
\l__sort_C_int=\count161
\l__str_internal_int=\count162
\c__str_replacement_char_int=\count163
\l__tl_analysis_normal_int=\count164
\l__tl_analysis_index_int=\count165
\l__tl_analysis_nesting_int=\count166
\l__tl_analysis_type_int=\count167
\l__regex_internal_a_int=\count168
\l__regex_internal_b_int=\count169
\l__regex_internal_c_int=\count170
\l__regex_balance_int=\count171
\l__regex_group_level_int=\count172
\l__regex_mode_int=\count173
\c__regex_cs_in_class_mode_int=\count174
\c__regex_cs_mode_int=\count175
\l__regex_catcodes_int=\count176
\l__regex_default_catcodes_int=\count177
\c__regex_catcode_D_int=\count178
\c__regex_catcode_S_int=\count179
\c__regex_catcode_L_int=\count180
\c__regex_catcode_O_int=\count181
\c__regex_catcode_A_int=\count182
\c__regex_all_catcodes_int=\count183
\l__regex_show_lines_int=\count184
\l__regex_min_state_int=\count185
\l__regex_max_state_int=\count186
\l__regex_left_state_int=\count187
\l__regex_right_state_int=\count188
\l__regex_capturing_group_int=\count189
\l__regex_min_pos_int=\count190
\l__regex_max_pos_int=\count191
\l__regex_curr_pos_int=\count192
\l__regex_start_pos_int=\count193
\l__regex_success_pos_int=\count194
\l__regex_curr_char_int=\count195
\l__regex_curr_catcode_int=\count196
\l__regex_last_char_int=\count197
\l__regex_case_changed_char_int=\count198
\l__regex_curr_state_int=\count199
\l__regex_step_int=\count266
\l__regex_min_active_int=\count267
\l__regex_max_active_int=\count268
\l__regex_replacement_csnames_int=\count269
\l__regex_match_count_int=\count270
\l__regex_min_submatch_int=\count271
\l__regex_submatch_int=\count272
\l__regex_zeroth_submatch_int=\count273
\g__regex_trace_regex_int=\count274
\c_empty_box=\box33
\l_tmpa_box=\box34
\l_tmpb_box=\box35
\g_tmpa_box=\box36
\g_tmpb_box=\box37
\l__box_top_dim=\dimen142
\l__box_bottom_dim=\dimen143
\l__box_left_dim=\dimen144
\l__box_right_dim=\dimen145
\l__box_top_new_dim=\dimen146
\l__box_bottom_new_dim=\dimen147
\l__box_left_new_dim=\dimen148
\l__box_right_new_dim=\dimen149
\l__box_internal_box=\box38
\l__coffin_internal_box=\box39
\l__coffin_internal_dim=\dimen150
\l__coffin_offset_x_dim=\dimen151
\l__coffin_offset_y_dim=\dimen152
\l__coffin_x_dim=\dimen153
\l__coffin_y_dim=\dimen154
\l__coffin_x_prime_dim=\dimen155
\l__coffin_y_prime_dim=\dimen156
\c_empty_coffin=\box40
\l__coffin_aligned_coffin=\box41
\l__coffin_aligned_internal_coffin=\box42
\l_tmpa_coffin=\box43
\l_tmpb_coffin=\box44
\g_tmpa_coffin=\box45
\g_tmpb_coffin=\box46
\l__coffin_bounding_shift_dim=\dimen157
\l__coffin_left_corner_dim=\dimen158
\l__coffin_right_corner_dim=\dimen159
\l__coffin_bottom_corner_dim=\dimen160
\l__coffin_top_corner_dim=\dimen161
\l__coffin_scaled_total_height_dim=\dimen162
\l__coffin_scaled_width_dim=\dimen163
\c__coffin_empty_coffin=\box47
\l__coffin_display_coffin=\box48
\l__coffin_display_coord_coffin=\box49
\l__coffin_display_pole_coffin=\box50
\l__coffin_display_offset_dim=\dimen164
\l__coffin_display_x_dim=\dimen165
\l__coffin_display_y_dim=\dimen166
\g__char_data_ior=\read1

(/home/bright/.miktex/texmfs/install/tex/latex/l3kernel/l3deprecation.def
File: l3deprecation.def 2019-04-06 v L3 Deprecated functions
))
(/home/bright/.miktex/texmfs/install/tex/latex/l3backend/l3backend-pdfmode.def
File: l3backend-pdfmode.def 2020-03-12 L3 backend support: PDF mode
\l__kernel_color_stack_int=\count275
\l__pdf_internal_box=\box51
))
Package: xparse 2020-03-06 L3 Experimental document command parser
\l__xparse_current_arg_int=\count276
\g__xparse_grabber_int=\count277
\l__xparse_m_args_int=\count278
\l__xparse_v_nesting_int=\count279
)) (/home/bright/.miktex/texmfs/install/tex/latex/mathtools/empheq.sty
Package: empheq 2017/03/31 v2.15 Emphasizing equations
\l_EQ_equationtype_int=\count280
\l_EQ_alignmentmode_int=\count281
\l_EQ_totalwidth_dim=\dimen167
\l_EQ_displaywidth_dim=\dimen168
\l_EQ_temp_linewidth_dim=\dimen169
\l_EQ_linewidth_dim=\dimen170
\EmphEqdelimitershortfall=\dimen171
\EmphEqdelimiterfactor=\count282
\g_EQ_toptag_height_dim=\dimen172
\g_EQ_bottomtag_depth_dim=\dimen173
\g_EQ_toprow_height_dim=\dimen174
\g_EQ_bottomrow_depth_dim=\dimen175
\g_EQ_widesttag_dim=\dimen176
\EQ_mathdisplay_box=\box52
\EQ_tag_box=\box53
\g_EQ_temprow_int=\count283
)
(/home/bright/.miktex/texmfs/install/tex/latex/esdiff/esdiff.sty
Package: esdiff 
)
\@float@every@table=\toks24
\@float@every@figure=\toks25
 (thesis.aux)
\openout1 = `thesis.aux'.

LaTeX Font Info:    Checking defaults for OML/cmm/m/it on input line 79.
LaTeX Font Info:    ... okay on input line 79.
LaTeX Font Info:    Checking defaults for OMS/cmsy/m/n on input line 79.
LaTeX Font Info:    ... okay on input line 79.
LaTeX Font Info:    Checking defaults for OT1/cmr/m/n on input line 79.
LaTeX Font Info:    ... okay on input line 79.
LaTeX Font Info:    Checking defaults for T1/cmr/m/n on input line 79.
LaTeX Font Info:    ... okay on input line 79.
LaTeX Font Info:    Checking defaults for TS1/cmr/m/n on input line 79.
LaTeX Font Info:    ... okay on input line 79.
LaTeX Font Info:    Checking defaults for OMX/cmex/m/n on input line 79.
LaTeX Font Info:    ... okay on input line 79.
LaTeX Font Info:    Checking defaults for U/cmr/m/n on input line 79.
LaTeX Font Info:    ... okay on input line 79.

(/home/bright/.miktex/texmfs/install/tex/latex/ragged2e/ragged2e.sty
Package: ragged2e 2019/07/28 v2.2 ragged2e Package (MS)

(/home/bright/.miktex/texmfs/install/tex/latex/ms/everysel.sty
Package: everysel 2011/10/28 v1.2 EverySelectfont Package (MS)

ABD: EverySelectfont initializing macros
LaTeX Info: Redefining \selectfont on input line 126.
)
\CenteringLeftskip=\skip65
\RaggedLeftLeftskip=\skip66
\RaggedRightLeftskip=\skip67
\CenteringRightskip=\skip68
\RaggedLeftRightskip=\skip69
\RaggedRightRightskip=\skip70
\CenteringParfillskip=\skip71
\RaggedLeftParfillskip=\skip72
\RaggedRightParfillskip=\skip73
\JustifyingParfillskip=\skip74
\CenteringParindent=\skip75
\RaggedLeftParindent=\skip76
\RaggedRightParindent=\skip77
\JustifyingParindent=\skip78
)
Package caption Info: float package v1.2 (or newer) detected on input line 79.
Package caption Info: listings package v1.2 (or newer) detected on input line 7
9.
Package caption Info: longtable package v3.15 (or newer) detected on input line
 79.
Package caption Info: rotating package v2.0 (or newer) detected on input line 7
9.
Package caption Info: sidecap package v1.4d (or newer) detected on input line 7
9.
Package caption Info: supertabular package detected on input line 79.

(/home/bright/.miktex/texmfs/install/tex/context/base/mkii/supp-pdf.mkii
[Loading MPS to PDF converter (version 2006.09.02).]
\scratchcounter=\count284
\scratchdimen=\dimen177
\scratchbox=\box54
\nofMPsegments=\count285
\nofMParguments=\count286
\everyMPshowfont=\toks26
\MPscratchCnt=\count287
\MPscratchDim=\dimen178
\MPnumerator=\count288
\makeMPintoPDFobject=\count289
\everyMPtoPDFconversion=\toks27
) (/home/bright/.miktex/texmfs/install/tex/latex/epstopdf-pkg/epstopdf-base.sty
Package: epstopdf-base 2020-01-24 v2.11 Base part for package epstopdf
Package epstopdf-base Info: Redefining graphics rule for `.eps' on input line 4
85.
)
\Hy@linkcounter=\count290
LaTeX Font Info:    Trying to load font information for U+msa on input line 81.

 (/home/bright/.miktex/texmfs/install/tex/latex/amsfonts/umsa.fd
File: umsa.fd 2013/01/14 v3.01 AMS symbols A
)
LaTeX Font Info:    Trying to load font information for U+msb on input line 81.


(/home/bright/.miktex/texmfs/install/tex/latex/amsfonts/umsb.fd
File: umsb.fd 2013/01/14 v3.01 AMS symbols B
) [1

{/home/bright/.miktex/texmfs/data/pdftex/config/pdftex.map}] [2]
Underfull \hbox (badness 10000) in paragraph at lines 85--86

 []

[3

]
Underfull \hbox (badness 10000) in paragraph at lines 89--89

 []


Underfull \hbox (badness 10000) in paragraph at lines 89--89

 []


Underfull \hbox (badness 10000) in paragraph at lines 89--89

 []


Underfull \hbox (badness 1817) in paragraph at lines 89--89
[]\OT1/cmr/m/n/10.95 Automatic subtitle generator is a system for generating vi
deo subtitles
 []

[4] (thesis.toc [5

])
\tf@toc=\write3
\openout3 = `thesis.toc'.

 [6]
Chapter 1.
<images/gantt-chart.png, id=23, 1010.77625pt x 478.78876pt>
File: images/gantt-chart.png Graphic file (type png)
<use images/gantt-chart.png>
Package pdftex.def Info: images/gantt-chart.png  used on input line 112.
(pdftex.def)             Requested size: 377.70776pt x 178.91704pt.
[1

] [2 <./images/gantt-chart.png>]
Chapter 2.
<images/traditional-asr.png, id=33, 451.6875pt x 198.7425pt>
File: images/traditional-asr.png Graphic file (type png)
<use images/traditional-asr.png>
Package pdftex.def Info: images/traditional-asr.png  used on input line 129.
(pdftex.def)             Requested size: 451.68639pt x 198.742pt.

Overfull \hbox (32.00824pt too wide) in paragraph at lines 129--132
 [][] 
 []

[3

 <./images/traditional-asr.png>]
Overfull \hbox (1.77567pt too wide) in paragraph at lines 137--138
[]\OT1/cmr/m/n/10.95 Originally, the acoustic model is trained by using Gaussia
n Mixture Model(GMM)
 []

[4] [5]
Chapter 3.
<images/overview-asg.png, id=44, 1249.66875pt x 432.61626pt>
File: images/overview-asg.png Graphic file (type png)
<use images/overview-asg.png>
Package pdftex.def Info: images/overview-asg.png  used on input line 155.
(pdftex.def)             Requested size: 419.67815pt x 145.28546pt.
<images/overall-architecture.png, id=45, 750.25294pt x 378.9658pt>
File: images/overall-architecture.png Graphic file (type png)
<use images/overall-architecture.png>
Package pdftex.def Info: images/overall-architecture.png  used on input line 16
5.
(pdftex.def)             Requested size: 419.67815pt x 211.98232pt.
[6

 <./images/overview-asg.png> <./images/overall-architecture.png>]
<images/main.png, id=50, 680.5425pt x 380.42125pt>
File: images/main.png Graphic file (type png)
<use images/main.png>
Package pdftex.def Info: images/main.png  used on input line 179.
(pdftex.def)             Requested size: 335.74379pt x 187.67928pt.
<images/main-with-options.png, id=51, 677.53125pt x 400.49625pt>
File: images/main-with-options.png Graphic file (type png)
<use images/main-with-options.png>
Package pdftex.def Info: images/main-with-options.png  used on input line 187.
(pdftex.def)             Requested size: 335.74379pt x 198.4693pt.
 [7 <./images/main.png>]
<images/info-recognizing.png, id=57, 666.49pt x 388.45125pt>
File: images/info-recognizing.png Graphic file (type png)
<use images/info-recognizing.png>
Package pdftex.def Info: images/info-recognizing.png  used on input line 197.
(pdftex.def)             Requested size: 335.74379pt x 195.68324pt.
<images/info-completed.png, id=58, 663.47874pt x 414.54875pt>
File: images/info-completed.png Graphic file (type png)
<use images/info-completed.png>
Package pdftex.def Info: images/info-completed.png  used on input line 205.
(pdftex.def)             Requested size: 335.74379pt x 209.77875pt.
 [8 <./images/main-with-options.png> <./images/info-recognizing.png>]
Overfull \hbox (3.29642pt too wide) in paragraph at lines 225--227
[]\OT1/cmr/m/n/10.95 Celery is an asynchronous task queue based on distributed 
messages.[[]] RabbitMQ
 []


Overfull \hbox (0.7719pt too wide) in paragraph at lines 225--227
\OT1/cmr/m/n/10.95 is a lightweight open source message broker that supports mu
ltiple messaging protocols.[[]] 
 []

[9 <./images/info-completed.png>]
<images/vad.png, id=68, 836.12375pt x 318.18875pt>
File: images/vad.png Graphic file (type png)
<use images/vad.png>
Package pdftex.def Info: images/vad.png  used on input line 242.
(pdftex.def)             Requested size: 377.70776pt x 143.74194pt.
 [10]
Overfull \hbox (4.36096pt too wide) in paragraph at lines 248--249
[]\OT1/cmr/m/n/10.95 The drawback of this algorithm is that detected segments m
ight be the background
 []

[11 <./images/vad.png>] [12]
Chapter 4.

Overfull \hbox (18.9917pt too wide) in paragraph at lines 285--286
 [] 
 []

<images/example-video-original.png, id=79, 964.60374pt x 562.1pt>
File: images/example-video-original.png Graphic file (type png)
<use images/example-video-original.png>
Package pdftex.def Info: images/example-video-original.png  used on input line 
293.
(pdftex.def)             Requested size: 293.7734pt x 171.18723pt.
<images/example-video-aws.png, id=80, 965.6075pt x 560.0925pt>
File: images/example-video-aws.png Graphic file (type png)
<use images/example-video-aws.png>
Package pdftex.def Info: images/example-video-aws.png  used on input line 304.
(pdftex.def)             Requested size: 188.85387pt x 109.53807pt.
<images/example-video-cmusphinx.png, id=81, 964.60374pt x 567.11874pt>
File: images/example-video-cmusphinx.png Graphic file (type png)
<use images/example-video-cmusphinx.png>
Package pdftex.def Info: images/example-video-cmusphinx.png  used on input line
 310.
(pdftex.def)             Requested size: 188.85387pt x 111.03336pt.
[13

 <./images/example-video-original.png>]
<images/example-video-ds.png, id=87, 963.6pt x 546.04pt>
File: images/example-video-ds.png Graphic file (type png)
<use images/example-video-ds.png>
Package pdftex.def Info: images/example-video-ds.png  used on input line 320.
(pdftex.def)             Requested size: 188.85387pt x 107.01477pt.
<images/example-video-gws.png, id=88, 964.60374pt x 557.08125pt>
File: images/example-video-gws.png Graphic file (type png)
<use images/example-video-gws.png>
Package pdftex.def Info: images/example-video-gws.png  used on input line 326.
(pdftex.def)             Requested size: 188.85387pt x 109.06818pt.
 [14 <./images/example-video-aws.png> <./images/example-video-cmusphinx.png> <.
/images/example-video-ds.png> <./images/example-video-gws.png>]
<images/wer-table.png, id=97, 1101.11375pt x 490.83376pt>
File: images/wer-table.png Graphic file (type png)
<use images/wer-table.png>
Package pdftex.def Info: images/wer-table.png  used on input line 349.
(pdftex.def)             Requested size: 419.67815pt x 187.07298pt.
<images/boxplot.png, id=98, 387.4475pt x 248.93pt>
File: images/boxplot.png Graphic file (type png)
<use images/boxplot.png>
Package pdftex.def Info: images/boxplot.png  used on input line 371.
(pdftex.def)             Requested size: 293.7734pt x 188.74814pt.
 [15 <./images/wer-table.png>]
Overfull \hbox (5.50352pt too wide) in paragraph at lines 385--397
 [] 
 []

[16 <./images/boxplot.png>] [17]
Overfull \hbox (6.33818pt too wide) in paragraph at lines 439--440
\OT1/cmr/m/n/10.95 accent and pronunciation, there is a high chance that the ac
curacy of the speech recognition
 []


Overfull \hbox (10.98396pt too wide) in paragraph at lines 454--455
 [] 
 []

[18] [19] [20]
Chapter 5.
[21

]
Overfull \hbox (4.30026pt too wide) in paragraph at lines 518--520
\OT1/cmr/m/n/10.95 between adjacent measurements of fundamental frequencies div
ided by the frequency
 []


Overfull \hbox (5.03014pt too wide) in paragraph at lines 524--525
[]\OT1/cmr/m/n/10.95 The table shown below is the evaluation of the models usin
g k-fold cross-validation,
 []

[22]
Chapter 6.

Overfull \hbox (7.03777pt too wide) in paragraph at lines 542--543
\OT1/cmr/m/n/10.95 system includes three major processes, including preprocessi
ng, recognizing and overlaying.
 []

(thesis.bbl [23

]
Underfull \hbox (badness 10000) in paragraph at lines 33--37
[]\OT1/cmr/m/n/10.95 Kory Becker.  Identifying the gender of a voice using
 []


Underfull \hbox (badness 10000) in paragraph at lines 33--37
\OT1/cmr/m/n/10.95 machine learning.  $\OT1/cmtt/m/n/10.95 http : / / www . pri
maryobjects . com / 2016 / 06 / 22 /
 []

[24

]
Underfull \hbox (badness 1454) in paragraph at lines 85--90
[]\OT1/cmr/m/n/10.95 Prashanth Gurunath Shivakumar, Haoqi Li, Kevin Knight, and
 Panayiotis
 []

) [25] [26

] (thesis.aux) ) 
Here is how much of TeX's memory you used:
 16609 strings out of 493165
 298589 string characters out of 3156003
 350514 words of memory out of 3000000
 21846 multiletter control sequences out of 15000+200000
 541660 words of font info for 60 fonts, out of 3000000 for 9000
 0 hyphenation exceptions out of 8191
 52i,10n,71p,1225b,550s stack positions out of 5000i,500n,10000p,200000b,50000s
 </home/bright/.miktex/texmfs/data/fonts/pk/ljfour/jknappen/ec/
dpi600/tcrm1095.pk></home/bright/.miktex/texmfs/install/fonts/type1/public/amsf
onts/cm/cmbx10.pfb></home/bright/.miktex/texmfs/install/fonts/type1/public/amsf
onts/cm/cmbx12.pfb></home/bright/.miktex/texmfs/install/fonts/type1/public/amsf
onts/cm/cmmi10.pfb></home/bright/.miktex/texmfs/install/fonts/type1/public/amsf
onts/cm/cmr10.pfb></home/bright/.miktex/texmfs/install/fonts/type1/public/amsfo
nts/cm/cmsy10.pfb></home/bright/.miktex/texmfs/install/fonts/type1/public/amsfo
nts/cm/cmti10.pfb></home/bright/.miktex/texmfs/install/fonts/type1/public/amsfo
nts/cm/cmtt10.pfb>
Output written on thesis.pdf (32 pages, 2366727 bytes).
PDF statistics:
 170 PDF objects out of 1000 (max. 8388607)
 0 named destinations out of 1000 (max. 500000)
 81 words of extra memory for PDF output out of 10000 (max. 10000000)

